nohup: ignoring input

> rest-express@1.0.0 dev
> cross-env NODE_ENV=development DATABASE_URL='file:./db/sqlite.db' tsx server/index.ts

[AUTH] OIDC credentials not configured, only mock login available
[SEED] Seeding example data for Škoda Octavia...
[SEED] Created 3 mock users
[SEED] Created company and mandate for mock user
[SEED] Created ARIAN s.r.o. with Petra Ambroz as Konateľ
[SEED] Created Tekmain SpA with Andres Elgueta as Gerente General
[SEED] Created sample audit logs
node:events:496
      throw er; // Unhandled 'error' event
      ^

Error: listen EADDRINUSE: address already in use 127.0.0.1:3000
    at Server.setupListenHandle [as _listen2] (node:net:1940:16)
    at listenInCluster (node:net:1997:12)
    at node:net:2206:7
    at process.processTicksAndRejections (node:internal/process/task_queues:90:21)
Emitted 'error' event on Server instance at:
    at emitErrorNT (node:net:1976:8)
    at process.processTicksAndRejections (node:internal/process/task_queues:90:21) {
  code: 'EADDRINUSE',
  errno: -98,
  syscall: 'listen',
  address: '127.0.0.1',
  port: 3000
}

Node.js v22.17.0
